[02:23:36] [main/INFO]: Environment: authHost='https://authserver.mojang.com', accountsHost='https://api.mojang.com', sessionHost='https://sessionserver.mojang.com', servicesHost='https://api.minecraftservices.com', name='PROD'
[02:23:37] [main/INFO]: Reloading ResourceManager: Default, bukkit
[02:23:38] [Worker-Main-1/INFO]: Loaded 7 recipes
[02:23:41] [Server thread/INFO]: Starting minecraft server version 1.16.5
[02:23:41] [Server thread/INFO]: Loading properties
[02:23:41] [Server thread/INFO]: This server is running Paper version git-Paper-794 (MC: 1.16.5) (Implementing API version 1.16.5-R0.1-SNAPSHOT)
[02:23:41] [Server thread/INFO]: Debug logging is disabled
[02:23:41] [Server thread/INFO]: Server Ping Player Sample Count: 12
[02:23:41] [Server thread/INFO]: Using 4 threads for Netty based IO
[02:23:42] [Server thread/INFO]: Default game type: SURVIVAL
[02:23:42] [Server thread/INFO]: Generating keypair
[02:23:42] [Server thread/INFO]: Starting Minecraft server on *:25565
[02:23:42] [Server thread/INFO]: Using epoll channel type
[02:23:44] [Server thread/ERROR]: Could not load 'plugins/playercarry.jar' in folder 'plugins'
org.bukkit.plugin.InvalidPluginException: Unsupported API version 1.17
	at org.bukkit.craftbukkit.v1_16_R3.util.CraftMagicNumbers.checkSupported(CraftMagicNumbers.java:361) ~[patched_1.16.5.jar:git-Paper-794]
	at org.bukkit.plugin.java.JavaPluginLoader.loadPlugin(JavaPluginLoader.java:149) ~[patched_1.16.5.jar:git-Paper-794]
	at org.bukkit.plugin.SimplePluginManager.loadPlugin(SimplePluginManager.java:414) ~[patched_1.16.5.jar:git-Paper-794]
	at org.bukkit.plugin.SimplePluginManager.loadPlugins(SimplePluginManager.java:322) ~[patched_1.16.5.jar:git-Paper-794]
	at org.bukkit.craftbukkit.v1_16_R3.CraftServer.loadPlugins(CraftServer.java:393) ~[patched_1.16.5.jar:git-Paper-794]
	at net.minecraft.server.v1_16_R3.DedicatedServer.init(DedicatedServer.java:269) ~[patched_1.16.5.jar:git-Paper-794]
	at net.minecraft.server.v1_16_R3.MinecraftServer.w(MinecraftServer.java:1074) ~[patched_1.16.5.jar:git-Paper-794]
	at net.minecraft.server.v1_16_R3.MinecraftServer.lambda$a$0(MinecraftServer.java:291) ~[patched_1.16.5.jar:git-Paper-794]
	at java.lang.Thread.run(Thread.java:829) [?:?]
[02:23:45] [Server thread/INFO]: [voicechat] Loading voicechat v2.6.4
[02:23:45] [Server thread/INFO]: [WorldEdit] Loading WorldEdit v7.2.17+6544-56d0383
[02:23:48] [Server thread/INFO]: Got request to register class com.sk89q.worldedit.bukkit.BukkitServerInterface with WorldEdit [com.sk89q.worldedit.extension.platform.PlatformManager@34efd6c9]
[02:23:48] [Server thread/INFO]: [Permadeath] Loading Permadeath v1.3
[02:23:48] [Server thread/INFO]: [Sit] Loading Sit v1.7.1
[02:23:48] [Server thread/INFO]: Server permissions file permissions.yml is empty, ignoring it
[02:23:48] [Server thread/INFO]: [WorldEdit] Enabling WorldEdit v7.2.17+6544-56d0383
[02:23:49] [Server thread/INFO]: Registering commands with com.sk89q.worldedit.bukkit.BukkitServerInterface
[02:23:49] [Server thread/INFO]: WEPIF: Using the Bukkit Permissions API.
[02:23:50] [Server thread/INFO]: Using com.sk89q.worldedit.bukkit.adapter.impl.Spigot_v1_16_R3 as the Bukkit adapter
[02:23:52] [Server thread/INFO]: [Permadeath] Enabling Permadeath v1.3
[02:23:52] [Server thread/WARN]: **** SERVER IS RUNNING IN OFFLINE/INSECURE MODE!
[02:23:52] [Server thread/WARN]: The server will make no attempt to authenticate usernames. Beware.
[02:23:52] [Server thread/WARN]: While this makes the game possible to play without internet access, it also opens up the ability for hackers to connect with any username they choose.
[02:23:52] [Server thread/WARN]: To change this, set "online-mode" to "true" in the server.properties file.
[02:23:52] [Server thread/INFO]: Preparing level "world"
[02:23:53] [Server thread/INFO]: Preparing start region for dimension minecraft:overworld
[02:23:54] [Server thread/INFO]: Preparing spawn area: 0%
[02:23:54] [Server thread/INFO]: Preparing spawn area: 0%
[02:23:54] [Server thread/INFO]: Time elapsed: 742 ms
[02:23:54] [Server thread/INFO]: Preparing start region for dimension minecraft:the_nether
[02:23:54] [Server thread/INFO]: Time elapsed: 151 ms
[02:23:54] [Server thread/INFO]: Preparing start region for dimension minecraft:the_end
[02:23:54] [Server thread/INFO]: Time elapsed: 102 ms
[02:23:54] [Server thread/INFO]: [voicechat] Enabling voicechat v2.6.4
[02:23:54] [Server thread/INFO]: [voicechat] Initializing compatibility for version 1.16.5-R0.1
[02:23:55] [Server thread/WARN]: [voicechat] Vanish plugin support is disabled
[02:23:55] [Server thread/WARN]: [voicechat] Failed to load vanish compatibility
de.maxhenkel.voicechat.compatibility.CompatibilityReflectionException: Could not find any of the following classes: org.bukkit.event.player.PlayerHideEntityEvent
	at de.maxhenkel.voicechat.compatibility.ReflectionUtils.getClazz(ReflectionUtils.java:169) ~[?:?]
	at de.maxhenkel.voicechat.compatibility.BaseCompatibility.init(BaseCompatibility.java:48) ~[?:?]
	at de.maxhenkel.voicechat.compatibility.BukkitCompatibilityManager.loadCompatibility(BukkitCompatibilityManager.java:78) ~[?:?]
	at de.maxhenkel.voicechat.Voicechat.onEnable(Voicechat.java:59) ~[?:?]
	at org.bukkit.plugin.java.JavaPlugin.setEnabled(JavaPlugin.java:263) ~[patched_1.16.5.jar:git-Paper-794]
	at org.bukkit.plugin.java.JavaPluginLoader.enablePlugin(JavaPluginLoader.java:370) ~[patched_1.16.5.jar:git-Paper-794]
	at org.bukkit.plugin.SimplePluginManager.enablePlugin(SimplePluginManager.java:500) ~[patched_1.16.5.jar:git-Paper-794]
	at org.bukkit.craftbukkit.v1_16_R3.CraftServer.enablePlugin(CraftServer.java:518) ~[patched_1.16.5.jar:git-Paper-794]
	at org.bukkit.craftbukkit.v1_16_R3.CraftServer.enablePlugins(CraftServer.java:432) ~[patched_1.16.5.jar:git-Paper-794]
	at net.minecraft.server.v1_16_R3.MinecraftServer.loadWorld(MinecraftServer.java:599) ~[patched_1.16.5.jar:git-Paper-794]
	at net.minecraft.server.v1_16_R3.DedicatedServer.init(DedicatedServer.java:298) ~[patched_1.16.5.jar:git-Paper-794]
	at net.minecraft.server.v1_16_R3.MinecraftServer.w(MinecraftServer.java:1074) ~[patched_1.16.5.jar:git-Paper-794]
	at net.minecraft.server.v1_16_R3.MinecraftServer.lambda$a$0(MinecraftServer.java:291) ~[patched_1.16.5.jar:git-Paper-794]
	at java.lang.Thread.run(Thread.java:829) [?:?]
[02:23:55] [Server thread/INFO]: [voicechat] Compatibility version 20
[02:23:55] [Server thread/INFO]: [voicechat] Successfully initialized commodore command completion
[02:23:55] [Server thread/INFO]: [Sit] Enabling Sit v1.7.1
[02:23:55] [Server thread/INFO]: Running delayed init tasks
[02:23:55] [Server thread/INFO]: Permadeath ➤ No se ha encontrado una librería JDA, deberás instalar una en caso de querer utilizar un bot de Discord.
[02:23:55] [Server thread/INFO]: Descarga aquí: https://www.spigotmc.org/resources/permadeath-%E2%98%A0%EF%B8%8F.112343/
[02:23:55] [Server thread/INFO]: Si no puedes descargarlo allí, únete a este Discord y te daremos acceso al enlace: https://discord.gg/8evPbuxPke
[02:23:56] [Server thread/INFO]: ------------------------------------------
[02:23:56] [Server thread/INFO]:              PERMADEATH
[02:23:56] [Server thread/INFO]:      - Versión: 1.3
[02:23:56] [Server thread/INFO]:      - Versión del Servidor: v1.16
[02:23:56] [Server thread/INFO]: ------------------------------------------
[02:23:56] [Server thread/INFO]:  >> INFORME DE ESTADO
[02:23:56] [Server thread/INFO]: > Estado de mundos: Overworld: world End: world_the_end
[02:23:56] [Server thread/INFO]:     > End: world_the_end
[02:23:56] [Server thread/INFO]:     > Overworld: world
[02:23:56] [Server thread/INFO]: > Estado de Compatibilidad: Compatible
[02:23:56] [Server thread/INFO]: > Software: PaperMC (Compatible)
[02:23:56] [Server thread/INFO]: > Cambios:
[02:23:56] [Server thread/INFO]: >   Días disponibles: 1-60
[02:23:57] [Server thread/INFO]: [PermaDeath] > Se han registrado los cambios de Mobs pacíficos hostiles.
[02:23:57] [Server thread/INFO]: [PermaDeath] > Se han registrado cambios especiales para PaperMC.
[02:23:57] [Server thread/INFO]: [voicechat] Loading plugins
[02:23:57] [Server thread/INFO]: [voicechat] Loaded 0 plugin(s)
[02:23:57] [Server thread/INFO]: [voicechat] Initializing plugins
[02:23:57] [Server thread/INFO]: [voicechat] Initialized 0 plugin(s)
[02:23:57] [Server thread/WARN]: [voicechat] Running in offline mode - Voice chat encryption is not secure!
[02:23:57] [Server thread/INFO]: Done (16.706s)! For help, type "help"
[02:23:57] [Server thread/WARN]: [io.papermc.paper.util.PaperJvmChecker] ************************************************************
[02:23:57] [Server thread/WARN]: [io.papermc.paper.util.PaperJvmChecker] * WARNING - YOU ARE RUNNING AN OUTDATED VERSION OF JAVA.
[02:23:57] [Server thread/WARN]: [io.papermc.paper.util.PaperJvmChecker] * PAPER WILL STOP BEING COMPATIBLE WITH THIS VERSION OF
[02:23:57] [Server thread/WARN]: [io.papermc.paper.util.PaperJvmChecker] * JAVA WHEN MINECRAFT 1.17 IS RELEASED.
[02:23:57] [Server thread/WARN]: [io.papermc.paper.util.PaperJvmChecker] *
[02:23:57] [Server thread/WARN]: [io.papermc.paper.util.PaperJvmChecker] * Please update the version of Java you use to run Paper
[02:23:57] [Server thread/WARN]: [io.papermc.paper.util.PaperJvmChecker] * to at least Java 16. When Paper for Minecraft 1.17 is
[02:23:57] [Server thread/WARN]: [io.papermc.paper.util.PaperJvmChecker] * released support for versions of Java before 16 will
[02:23:57] [Server thread/WARN]: [io.papermc.paper.util.PaperJvmChecker] * be dropped.
[02:23:57] [Server thread/WARN]: [io.papermc.paper.util.PaperJvmChecker] *
[02:23:57] [Server thread/WARN]: [io.papermc.paper.util.PaperJvmChecker] * Current Java version: 11.0.28
[02:23:57] [Server thread/WARN]: [io.papermc.paper.util.PaperJvmChecker] *
[02:23:57] [Server thread/WARN]: [io.papermc.paper.util.PaperJvmChecker] * Check this forum post for more information: 
[02:23:57] [Server thread/WARN]: [io.papermc.paper.util.PaperJvmChecker] *   https://papermc.io/java16
[02:23:57] [Server thread/WARN]: [io.papermc.paper.util.PaperJvmChecker] ************************************************************
[02:23:57] [VoiceChatServerThread/INFO]: [voicechat] Voice host is 'customers-means.gl.at.ply.gg'
[02:23:57] [Server thread/INFO]: Timings Reset
[02:23:58] [VoiceChatServerThread/INFO]: [voicechat] Voice chat server started at port 11264
[02:24:03] [Craft Scheduler Thread - 3/INFO]: Permadeath ➤ Versión del plugin: Versión más reciente instalada.
